<?xml version="1.0" encoding="UTF-8"?>
<!-- Generated by org.testng.reporters.JUnitReportReporter -->
<testsuite hostname="Tresa" failures="0" tests="1" name="com.naveenautomation.tests.AccountLoginPageTest" time="7.774" errors="0" timestamp="19 Feb 2024 17:32:17 GMT" skipped="0">
  <testcase classname="com.naveenautomation.tests.AccountLoginPageTest" name="validateLogin" time="7.774"/>
</testsuite> <!-- com.naveenautomation.tests.AccountLoginPageTest -->
