<?xml version="1.0" encoding="UTF-8"?>
<!-- Generated by org.testng.reporters.JUnitReportReporter -->
<testsuite hostname="Tresa" failures="0" tests="1" name="com.naveenautomation.tests.GiftCertificatePageTest" time="7.906" errors="0" timestamp="19 Feb 2024 17:31:45 GMT" skipped="0">
  <testcase classname="com.naveenautomation.tests.GiftCertificatePageTest" name="validateGiftCertificate" time="7.906"/>
</testsuite> <!-- com.naveenautomation.tests.GiftCertificatePageTest -->
