<?xml version="1.0" encoding="UTF-8"?>
<!-- Generated by org.testng.reporters.JUnitReportReporter -->
<testsuite hostname="Tresa" failures="0" tests="1" name="com.naveenautomation.tests.SignUpPageTest" time="11.013" errors="0" timestamp="19 Feb 2024 17:31:14 GMT" skipped="0">
  <testcase classname="com.naveenautomation.tests.SignUpPageTest" name="validateSignUp" time="11.013"/>
</testsuite> <!-- com.naveenautomation.tests.SignUpPageTest -->
