<?xml version="1.0" encoding="UTF-8"?>
<!-- Generated by org.testng.reporters.JUnitReportReporter -->
<testsuite hostname="Tresa" failures="0" tests="1" name="com.naveenautomation.tests.ContactUsPageTest" time="9.001" errors="0" timestamp="19 Feb 2024 17:32:00 GMT" skipped="0">
  <testcase classname="com.naveenautomation.tests.ContactUsPageTest" name="validateContactUs" time="9.001"/>
</testsuite> <!-- com.naveenautomation.tests.ContactUsPageTest -->
